0 info it worked if it ends with ok
1 verbose cli [ '/usr/local/Cellar/node/7.7.3/bin/node',
1 verbose cli   '/usr/local/bin/npm',
1 verbose cli   'version',
1 verbose cli   'minor',
1 verbose cli   '-m',
1 verbose cli   'Release %s' ]
2 info using npm@4.1.2
3 info using node@v7.7.3
4 info git [ 'status', '--porcelain' ]
5 info lifecycle arbetsprov-search-feature@1.1.0~preversion: arbetsprov-search-feature@1.1.0
6 silly lifecycle arbetsprov-search-feature@1.1.0~preversion: no script for preversion, continuing
7 verbose version.write data { name: 'arbetsprov-search-feature',
7 verbose version.write   version: '1.1.0',
7 verbose version.write   author: 'Erik Johansson',
7 verbose version.write   dependencies: { mach: '^1.3.5' },
7 verbose version.write   devDependencies:
7 verbose version.write    { bower: '^1.8.0',
7 verbose version.write      grunt: '^1.0.1',
7 verbose version.write      'grunt-bower': '^0.21.4',
7 verbose version.write      'grunt-contrib-clean': '^1.0.0',
7 verbose version.write      'grunt-contrib-concat': '^1.0.1',
7 verbose version.write      'grunt-contrib-copy': '^1.0.0',
7 verbose version.write      'grunt-contrib-cssmin': '^1.0.2',
7 verbose version.write      'grunt-contrib-jshint': '^1.1.0',
7 verbose version.write      'grunt-contrib-qunit': '^1.3.0',
7 verbose version.write      'grunt-contrib-stylus': '^1.2.0',
7 verbose version.write      'grunt-contrib-uglify': '^2.1.0',
7 verbose version.write      'grunt-contrib-watch': '^1.0.0',
7 verbose version.write      'grunt-processhtml': '^0.4.1' } } to package.json
8 info lifecycle arbetsprov-search-feature@1.1.0~version: arbetsprov-search-feature@1.1.0
9 silly lifecycle arbetsprov-search-feature@1.1.0~version: no script for version, continuing
10 info git [ 'add', '/Users/temperjoa/projects/Arbetsprov/package.json' ]
11 info git [ 'commit', '-m', 'Release 1.1.0' ]
12 info git [ 'tag', 'v1.1.0', '-am', 'Release 1.1.0' ]
13 verbose stack Error: Command failed: git tag v1.1.0 -am Release 1.1.0
13 verbose stack fatal: tag 'v1.1.0' already exists
13 verbose stack
13 verbose stack     at ChildProcess.exithandler (child_process.js:210:12)
13 verbose stack     at emitTwo (events.js:106:13)
13 verbose stack     at ChildProcess.emit (events.js:194:7)
13 verbose stack     at maybeClose (internal/child_process.js:899:16)
13 verbose stack     at Process.ChildProcess._handle.onexit (internal/child_process.js:226:5)
14 verbose cwd /Users/temperjoa/projects/Arbetsprov
15 error Darwin 15.6.0
16 error argv "/usr/local/Cellar/node/7.7.3/bin/node" "/usr/local/bin/npm" "version" "minor" "-m" "Release %s"
17 error node v7.7.3
18 error npm  v4.1.2
19 error code 128
20 error Command failed: git tag v1.1.0 -am Release 1.1.0
20 error fatal: tag 'v1.1.0' already exists
21 error If you need help, you may report this error at:
21 error     <https://github.com/npm/npm/issues>
22 verbose exit [ 1, true ]
